[0403/134348:ERROR:gpu_info_collector_win.cc(91)] Can't retrieve a valid WinSAT assessment.
[0403/134350:INFO:dhcp_proxy_script_adapter_fetcher_win.cc(267)] Error fetching PAC URL from DHCP: 2
[0403/134355:ERROR:gles2_cmd_decoder.cc(5484)] .SharedGraphicsContext: GL ERROR :GL_INVALID_VALUE : glTexParameteri: unknown texture
[0403/134401:INFO:dhcp_proxy_script_adapter_fetcher_win.cc(267)] Error fetching PAC URL from DHCP: 2
[0403/134457:INFO:dhcp_proxy_script_adapter_fetcher_win.cc(267)] Error fetching PAC URL from DHCP: 2
[0403/134523:INFO:CONSOLE(1)] "ReferenceError: EdgeDOM is not defined
    at eval (eval at <anonymous> (about:blank:0:45), <anonymous>:1:7)
    at about:blank:0:45", source:  (1)
[0403/134635:ERROR:ipc_channel_win.cc(401)] pipe error: 232
[0403/134654:ERROR:gpu_info_collector_win.cc(91)] Can't retrieve a valid WinSAT assessment.
[0403/134656:INFO:dhcp_proxy_script_adapter_fetcher_win.cc(267)] Error fetching PAC URL from DHCP: 2
[0403/134700:ERROR:gles2_cmd_decoder.cc(5484)] .SharedGraphicsContext: GL ERROR :GL_INVALID_VALUE : glTexParameteri: unknown texture
[0403/134706:ERROR:ipc_channel_win.cc(401)] pipe error: 232
[0731/223534:INFO:dhcp_proxy_script_adapter_fetcher_win.cc(267)] Error fetching PAC URL from DHCP: 2
[0731/223544:INFO:dhcp_proxy_script_adapter_fetcher_win.cc(267)] Error fetching PAC URL from DHCP: 2
[0731/223631:INFO:dhcp_proxy_script_adapter_fetcher_win.cc(267)] Error fetching PAC URL from DHCP: 2
[0731/223834:INFO:dhcp_proxy_script_adapter_fetcher_win.cc(267)] Error fetching PAC URL from DHCP: 2
[0731/223943:INFO:dhcp_proxy_script_adapter_fetcher_win.cc(267)] Error fetching PAC URL from DHCP: 2
[0731/223946:ERROR:gles2_cmd_decoder.cc(5484)] .SharedGraphicsContext: GL ERROR :GL_INVALID_VALUE : glTexParameteri: unknown texture
[0731/223953:INFO:dhcp_proxy_script_adapter_fetcher_win.cc(267)] Error fetching PAC URL from DHCP: 2
[0731/224104:INFO:dhcp_proxy_script_adapter_fetcher_win.cc(267)] Error fetching PAC URL from DHCP: 2
[0731/224106:INFO:CONSOLE(1)] "ReferenceError: EdgeDOM is not defined
    at eval (eval at <anonymous> (about:blank:0:45), <anonymous>:1:7)
    at about:blank:0:45", source:  (1)
[0731/224107:ERROR:ipc_channel_win.cc(401)] pipe error: 232
