[0403/144120:ERROR:gpu_info_collector_win.cc(91)] Can't retrieve a valid WinSAT assessment.
[0403/144122:INFO:dhcp_proxy_script_adapter_fetcher_win.cc(267)] Error fetching PAC URL from DHCP: 2
[0403/144126:ERROR:gles2_cmd_decoder.cc(5484)] .SharedGraphicsContext: GL ERROR :GL_INVALID_VALUE : glTexParameteri: unknown texture
[0403/144132:INFO:dhcp_proxy_script_adapter_fetcher_win.cc(267)] Error fetching PAC URL from DHCP: 2
[0403/144212:INFO:dhcp_proxy_script_adapter_fetcher_win.cc(267)] Error fetching PAC URL from DHCP: 2
[0403/144225:ERROR:ipc_channel_win.cc(401)] pipe error: 232
[0701/154836:INFO:dhcp_proxy_script_adapter_fetcher_win.cc(267)] Error fetching PAC URL from DHCP: 2
[0701/154847:INFO:dhcp_proxy_script_adapter_fetcher_win.cc(267)] Error fetching PAC URL from DHCP: 2
[0701/155004:INFO:dhcp_proxy_script_adapter_fetcher_win.cc(267)] Error fetching PAC URL from DHCP: 2
[0701/155404:INFO:dhcp_proxy_script_adapter_fetcher_win.cc(267)] Error fetching PAC URL from DHCP: 2
[0701/155405:INFO:CONSOLE(1)] "ReferenceError: EdgeDOM is not defined
    at eval (eval at <anonymous> (about:blank:0:45), <anonymous>:1:7)
    at about:blank:0:45", source:  (1)
[0701/155406:ERROR:ipc_channel_win.cc(401)] pipe error: 232
[0701/155406:FATAL:url_request_context.cc(121)] Check failed: false. Leaked 1 URLRequest(s). First URL: http://wpad/wpad.dat.
[0730/183921:INFO:dhcp_proxy_script_adapter_fetcher_win.cc(267)] Error fetching PAC URL from DHCP: 2
[0730/183932:INFO:dhcp_proxy_script_adapter_fetcher_win.cc(267)] Error fetching PAC URL from DHCP: 2
[0730/184018:INFO:dhcp_proxy_script_adapter_fetcher_win.cc(267)] Error fetching PAC URL from DHCP: 2
[0730/184238:ERROR:ipc_channel_win.cc(401)] pipe error: 232
[0730/184238:ERROR:ipc_channel_win.cc(401)] pipe error: 232
