[0730/223527:ERROR:ipc_channel_win.cc(401)] pipe error: 232
[0730/223629:ERROR:ipc_channel_win.cc(401)] pipe error: 232
[0730/224516:ERROR:ipc_channel_win.cc(401)] pipe error: 232
[0730/224915:ERROR:ipc_channel_win.cc(401)] pipe error: 232
[0730/225139:ERROR:ipc_channel_win.cc(401)] pipe error: 232
[0730/225147:ERROR:ipc_channel_win.cc(401)] pipe error: 232
[0731/101236:ERROR:ipc_channel_win.cc(401)] pipe error: 232
[0731/101237:INFO:CONSOLE(1)] "ReferenceError: EdgeDOM is not defined
    at eval (eval at <anonymous> (about:blank:0:47), <anonymous>:1:7)
    at about:blank:0:47", source:  (1)
[0731/101239:ERROR:gles2_cmd_decoder.cc(5484)] .SharedGraphicsContext: GL ERROR :GL_INVALID_VALUE : glTexParameteri: unknown texture
[0731/103133:INFO:CONSOLE(0)] "Uncaught SyntaxError: Unexpected token ILLEGAL", source: about:blank (0)
[0731/103134:INFO:CONSOLE(0)] "Uncaught SyntaxError: Unexpected token ILLEGAL", source: about:blank (0)
[0731/103134:INFO:CONSOLE(0)] "Uncaught SyntaxError: Unexpected token ILLEGAL", source: about:blank (0)
[0731/103134:INFO:CONSOLE(0)] "Uncaught SyntaxError: Unexpected token ILLEGAL", source: about:blank (0)
[0731/103134:INFO:CONSOLE(0)] "Uncaught SyntaxError: Unexpected token ILLEGAL", source: about:blank (0)
[0731/103134:INFO:CONSOLE(0)] "Uncaught SyntaxError: Unexpected token ILLEGAL", source: about:blank (0)
[0731/103134:INFO:CONSOLE(0)] "Uncaught SyntaxError: Unexpected token ILLEGAL", source: about:blank (0)
[0731/103134:INFO:CONSOLE(0)] "Uncaught SyntaxError: Unexpected token ILLEGAL", source: about:blank (0)
[0731/103134:INFO:CONSOLE(0)] "Uncaught SyntaxError: Unexpected token ILLEGAL", source: about:blank (0)
[0731/103134:INFO:CONSOLE(0)] "Uncaught SyntaxError: Unexpected token ILLEGAL", source: about:blank (0)
[0731/103134:INFO:CONSOLE(0)] "Uncaught SyntaxError: Unexpected token ILLEGAL", source: about:blank (0)
[0731/103134:INFO:CONSOLE(0)] "Uncaught SyntaxError: Unexpected token ILLEGAL", source: about:blank (0)
[0731/103134:INFO:CONSOLE(0)] "Uncaught SyntaxError: Unexpected token ILLEGAL", source: about:blank (0)
[0731/103134:INFO:CONSOLE(0)] "Uncaught SyntaxError: Unexpected token ILLEGAL", source: about:blank (0)
[0731/103134:INFO:CONSOLE(0)] "Uncaught SyntaxError: Unexpected token ILLEGAL", source: about:blank (0)
[0731/103134:INFO:CONSOLE(0)] "Uncaught SyntaxError: Unexpected token ILLEGAL", source: about:blank (0)
[0731/103134:INFO:CONSOLE(0)] "Uncaught SyntaxError: Unexpected token ILLEGAL", source: about:blank (0)
[0731/103134:INFO:CONSOLE(0)] "Uncaught SyntaxError: Unexpected token ILLEGAL", source: about:blank (0)
[0731/103134:INFO:CONSOLE(0)] "Uncaught SyntaxError: Unexpected token ILLEGAL", source: about:blank (0)
[0731/103134:INFO:CONSOLE(0)] "Uncaught SyntaxError: Unexpected token ILLEGAL", source: about:blank (0)
[0731/103134:INFO:CONSOLE(0)] "Uncaught SyntaxError: Unexpected token ILLEGAL", source: about:blank (0)
[0731/103134:INFO:CONSOLE(0)] "Uncaught SyntaxError: Unexpected token ILLEGAL", source: about:blank (0)
[0731/103134:INFO:CONSOLE(0)] "Uncaught SyntaxError: Unexpected token ILLEGAL", source: about:blank (0)
[0731/103134:INFO:CONSOLE(0)] "Uncaught SyntaxError: Unexpected token ILLEGAL", source: about:blank (0)
[0731/103134:INFO:CONSOLE(0)] "Uncaught SyntaxError: Unexpected token ILLEGAL", source: about:blank (0)
[0731/103134:INFO:CONSOLE(0)] "Uncaught SyntaxError: Unexpected token ILLEGAL", source: about:blank (0)
[0731/103134:INFO:CONSOLE(0)] "Uncaught SyntaxError: Unexpected token ILLEGAL", source: about:blank (0)
[0731/103134:INFO:CONSOLE(0)] "Uncaught SyntaxError: Unexpected token ILLEGAL", source: about:blank (0)
[0731/103134:INFO:CONSOLE(0)] "Uncaught SyntaxError: Unexpected token ILLEGAL", source: about:blank (0)
[0731/103134:INFO:CONSOLE(0)] "Uncaught SyntaxError: Unexpected token ILLEGAL", source: about:blank (0)
[0731/103134:INFO:CONSOLE(0)] "Uncaught SyntaxError: Unexpected token ILLEGAL", source: about:blank (0)
[0731/103134:INFO:CONSOLE(0)] "Uncaught SyntaxError: Unexpected token ILLEGAL", source: about:blank (0)
[0731/103134:INFO:CONSOLE(0)] "Uncaught SyntaxError: Unexpected token ILLEGAL", source: about:blank (0)
[0731/103134:INFO:CONSOLE(0)] "Uncaught SyntaxError: Unexpected token ILLEGAL", source: about:blank (0)
[0731/103134:INFO:CONSOLE(0)] "Uncaught SyntaxError: Unexpected token ILLEGAL", source: about:blank (0)
[0731/103134:INFO:CONSOLE(0)] "Uncaught SyntaxError: Unexpected token ILLEGAL", source: about:blank (0)
[0731/103134:INFO:CONSOLE(0)] "Uncaught SyntaxError: Unexpected token ILLEGAL", source: about:blank (0)
[0731/103134:INFO:CONSOLE(0)] "Uncaught SyntaxError: Unexpected token ILLEGAL", source: about:blank (0)
[0731/103134:INFO:CONSOLE(0)] "Uncaught SyntaxError: Unexpected token ILLEGAL", source: about:blank (0)
[0731/103134:INFO:CONSOLE(0)] "Uncaught SyntaxError: Unexpected token ILLEGAL", source: about:blank (0)
[0731/103134:INFO:CONSOLE(0)] "Uncaught SyntaxError: Unexpected token ILLEGAL", source: about:blank (0)
[0731/103134:INFO:CONSOLE(0)] "Uncaught SyntaxError: Unexpected token ILLEGAL", source: about:blank (0)
[0731/103134:INFO:CONSOLE(0)] "Uncaught SyntaxError: Unexpected token ILLEGAL", source: about:blank (0)
[0731/103134:INFO:CONSOLE(0)] "Uncaught SyntaxError: Unexpected token ILLEGAL", source: about:blank (0)
[0731/103134:INFO:CONSOLE(0)] "Uncaught SyntaxError: Unexpected token ILLEGAL", source: about:blank (0)
[0731/103134:INFO:CONSOLE(0)] "Uncaught SyntaxError: Unexpected token ILLEGAL", source: about:blank (0)
[0731/103134:INFO:CONSOLE(0)] "Uncaught SyntaxError: Unexpected token ILLEGAL", source: about:blank (0)
[0731/103134:INFO:CONSOLE(0)] "Uncaught SyntaxError: Unexpected token ILLEGAL", source: about:blank (0)
[0731/103135:INFO:CONSOLE(0)] "Uncaught SyntaxError: Unexpected token ILLEGAL", source: about:blank (0)
[0731/103135:INFO:CONSOLE(0)] "Uncaught SyntaxError: Unexpected token ILLEGAL", source: about:blank (0)
[0731/103135:INFO:CONSOLE(0)] "Uncaught SyntaxError: Unexpected token ILLEGAL", source: about:blank (0)
[0731/103135:INFO:CONSOLE(0)] "Uncaught SyntaxError: Unexpected token ILLEGAL", source: about:blank (0)
[0731/103135:INFO:CONSOLE(0)] "Uncaught SyntaxError: Unexpected token ILLEGAL", source: about:blank (0)
[0731/103135:INFO:CONSOLE(0)] "Uncaught SyntaxError: Unexpected token ILLEGAL", source: about:blank (0)
[0731/103135:INFO:CONSOLE(0)] "Uncaught SyntaxError: Unexpected token ILLEGAL", source: about:blank (0)
[0731/103135:INFO:CONSOLE(0)] "Uncaught SyntaxError: Unexpected token ILLEGAL", source: about:blank (0)
[0731/103135:INFO:CONSOLE(0)] "Uncaught SyntaxError: Unexpected token ILLEGAL", source: about:blank (0)
[0731/103135:INFO:CONSOLE(0)] "Uncaught SyntaxError: Unexpected token ILLEGAL", source: about:blank (0)
[0731/103135:INFO:CONSOLE(0)] "Uncaught SyntaxError: Unexpected token ILLEGAL", source: about:blank (0)
[0731/103135:INFO:CONSOLE(0)] "Uncaught SyntaxError: Unexpected token ILLEGAL", source: about:blank (0)
[0731/103135:INFO:CONSOLE(0)] "Uncaught SyntaxError: Unexpected token ILLEGAL", source: about:blank (0)
[0731/103135:INFO:CONSOLE(0)] "Uncaught SyntaxError: Unexpected token ILLEGAL", source: about:blank (0)
[0731/103136:INFO:CONSOLE(0)] "Uncaught SyntaxError: Unexpected token ILLEGAL", source: about:blank (0)
[0731/103136:INFO:CONSOLE(0)] "Uncaught SyntaxError: Unexpected token ILLEGAL", source: about:blank (0)
[0731/103136:INFO:CONSOLE(0)] "Uncaught SyntaxError: Unexpected token ILLEGAL", source: about:blank (0)
[0731/103136:INFO:CONSOLE(0)] "Uncaught SyntaxError: Unexpected token ILLEGAL", source: about:blank (0)
[0731/103136:INFO:CONSOLE(0)] "Uncaught SyntaxError: Unexpected token ILLEGAL", source: about:blank (0)
[0731/103136:INFO:CONSOLE(0)] "Uncaught SyntaxError: Unexpected token ILLEGAL", source: about:blank (0)
[0731/103136:INFO:CONSOLE(0)] "Uncaught SyntaxError: Unexpected token ILLEGAL", source: about:blank (0)
[0731/103136:INFO:CONSOLE(0)] "Uncaught SyntaxError: Unexpected token ILLEGAL", source: about:blank (0)
[0731/103136:INFO:CONSOLE(0)] "Uncaught SyntaxError: Unexpected token ILLEGAL", source: about:blank (0)
[0731/103136:INFO:CONSOLE(0)] "Uncaught SyntaxError: Unexpected token ILLEGAL", source: about:blank (0)
[0731/103136:INFO:CONSOLE(0)] "Uncaught SyntaxError: Unexpected token ILLEGAL", source: about:blank (0)
[0731/103136:INFO:CONSOLE(0)] "Uncaught SyntaxError: Unexpected token ILLEGAL", source: about:blank (0)
[0731/103136:INFO:CONSOLE(0)] "Uncaught SyntaxError: Unexpected token ILLEGAL", source: about:blank (0)
[0731/103136:INFO:CONSOLE(0)] "Uncaught SyntaxError: Unexpected token ILLEGAL", source: about:blank (0)
[0731/103136:INFO:CONSOLE(0)] "Uncaught SyntaxError: Unexpected token ILLEGAL", source: about:blank (0)
[0731/103136:INFO:CONSOLE(0)] "Uncaught SyntaxError: Unexpected token ILLEGAL", source: about:blank (0)
[0731/103136:INFO:CONSOLE(0)] "Uncaught SyntaxError: Unexpected token ILLEGAL", source: about:blank (0)
[0731/103138:INFO:CONSOLE(0)] "Uncaught SyntaxError: Unexpected token ILLEGAL", source: about:blank (0)
[0731/103138:INFO:CONSOLE(0)] "Uncaught SyntaxError: Unexpected token ILLEGAL", source: about:blank (0)
[0731/103138:INFO:CONSOLE(0)] "Uncaught SyntaxError: Unexpected token ILLEGAL", source: about:blank (0)
[0731/103138:INFO:CONSOLE(0)] "Uncaught SyntaxError: Unexpected token ILLEGAL", source: about:blank (0)
[0731/103138:INFO:CONSOLE(0)] "Uncaught SyntaxError: Unexpected token ILLEGAL", source: about:blank (0)
[0731/103138:INFO:CONSOLE(0)] "Uncaught SyntaxError: Unexpected token ILLEGAL", source: about:blank (0)
[0731/103138:INFO:CONSOLE(0)] "Uncaught SyntaxError: Unexpected token ILLEGAL", source: about:blank (0)
[0731/103138:INFO:CONSOLE(0)] "Uncaught SyntaxError: Unexpected token ILLEGAL", source: about:blank (0)
[0731/103138:INFO:CONSOLE(0)] "Uncaught SyntaxError: Unexpected token ILLEGAL", source: about:blank (0)
[0731/103138:INFO:CONSOLE(0)] "Uncaught SyntaxError: Unexpected token ILLEGAL", source: about:blank (0)
[0731/103138:INFO:CONSOLE(0)] "Uncaught SyntaxError: Unexpected token ILLEGAL", source: about:blank (0)
[0731/103138:INFO:CONSOLE(0)] "Uncaught SyntaxError: Unexpected token ILLEGAL", source: about:blank (0)
[0731/103138:INFO:CONSOLE(0)] "Uncaught SyntaxError: Unexpected token ILLEGAL", source: about:blank (0)
[0731/103138:INFO:CONSOLE(0)] "Uncaught SyntaxError: Unexpected token ILLEGAL", source: about:blank (0)
[0731/103138:INFO:CONSOLE(0)] "Uncaught SyntaxError: Unexpected token ILLEGAL", source: about:blank (0)
[0731/103138:INFO:CONSOLE(0)] "Uncaught SyntaxError: Unexpected token ILLEGAL", source: about:blank (0)
[0731/103138:INFO:CONSOLE(0)] "Uncaught SyntaxError: Unexpected token ILLEGAL", source: about:blank (0)
[0731/103138:INFO:CONSOLE(0)] "Uncaught SyntaxError: Unexpected token ILLEGAL", source: about:blank (0)
[0731/103143:INFO:CONSOLE(0)] "Uncaught SyntaxError: Unexpected token ILLEGAL", source: about:blank (0)
[0731/103143:INFO:CONSOLE(0)] "Uncaught SyntaxError: Unexpected token ILLEGAL", source: about:blank (0)
[0731/103143:INFO:CONSOLE(0)] "Uncaught SyntaxError: Unexpected token ILLEGAL", source: about:blank (0)
[0731/103143:INFO:CONSOLE(0)] "Uncaught SyntaxError: Unexpected token ILLEGAL", source: about:blank (0)
[0731/103143:INFO:CONSOLE(0)] "Uncaught SyntaxError: Unexpected token ILLEGAL", source: about:blank (0)
[0731/103143:INFO:CONSOLE(0)] "Uncaught SyntaxError: Unexpected token ILLEGAL", source: about:blank (0)
[0731/103143:INFO:CONSOLE(0)] "Uncaught SyntaxError: Unexpected token ILLEGAL", source: about:blank (0)
[0731/103143:INFO:CONSOLE(0)] "Uncaught SyntaxError: Unexpected token ILLEGAL", source: about:blank (0)
[0731/103143:INFO:CONSOLE(0)] "Uncaught SyntaxError: Unexpected token ILLEGAL", source: about:blank (0)
[0731/103143:INFO:CONSOLE(0)] "Uncaught SyntaxError: Unexpected token ILLEGAL", source: about:blank (0)
[0731/103143:INFO:CONSOLE(0)] "Uncaught SyntaxError: Unexpected token ILLEGAL", source: about:blank (0)
[0731/103143:INFO:CONSOLE(0)] "Uncaught SyntaxError: Unexpected token ILLEGAL", source: about:blank (0)
[0731/103143:INFO:CONSOLE(0)] "Uncaught SyntaxError: Unexpected token ILLEGAL", source: about:blank (0)
[0731/103143:INFO:CONSOLE(0)] "Uncaught SyntaxError: Unexpected token ILLEGAL", source: about:blank (0)
[0731/103143:INFO:CONSOLE(0)] "Uncaught SyntaxError: Unexpected token ILLEGAL", source: about:blank (0)
[0731/103143:INFO:CONSOLE(0)] "Uncaught SyntaxError: Unexpected token ILLEGAL", source: about:blank (0)
[0731/103143:INFO:CONSOLE(0)] "Uncaught SyntaxError: Unexpected token ILLEGAL", source: about:blank (0)
[0731/103143:INFO:CONSOLE(0)] "Uncaught SyntaxError: Unexpected token ILLEGAL", source: about:blank (0)
[0731/103144:INFO:CONSOLE(0)] "Uncaught SyntaxError: Unexpected token ILLEGAL", source: about:blank (0)
[0731/103149:INFO:CONSOLE(0)] "Uncaught SyntaxError: Unexpected token ILLEGAL", source: about:blank (0)
[0731/103149:INFO:CONSOLE(0)] "Uncaught SyntaxError: Unexpected token ILLEGAL", source: about:blank (0)
[0731/103149:INFO:CONSOLE(0)] "Uncaught SyntaxError: Unexpected token ILLEGAL", source: about:blank (0)
[0731/103149:INFO:CONSOLE(0)] "Uncaught SyntaxError: Unexpected token ILLEGAL", source: about:blank (0)
[0731/103149:INFO:CONSOLE(0)] "Uncaught SyntaxError: Unexpected token ILLEGAL", source: about:blank (0)
[0731/103149:INFO:CONSOLE(0)] "Uncaught SyntaxError: Unexpected token ILLEGAL", source: about:blank (0)
[0731/103149:INFO:CONSOLE(0)] "Uncaught SyntaxError: Unexpected token ILLEGAL", source: about:blank (0)
[0731/103149:INFO:CONSOLE(0)] "Uncaught SyntaxError: Unexpected token ILLEGAL", source: about:blank (0)
[0731/103149:INFO:CONSOLE(0)] "Uncaught SyntaxError: Unexpected token ILLEGAL", source: about:blank (0)
[0731/103149:INFO:CONSOLE(0)] "Uncaught SyntaxError: Unexpected token ILLEGAL", source: about:blank (0)
[0731/103149:INFO:CONSOLE(0)] "Uncaught SyntaxError: Unexpected token ILLEGAL", source: about:blank (0)
[0731/103149:INFO:CONSOLE(0)] "Uncaught SyntaxError: Unexpected token ILLEGAL", source: about:blank (0)
[0731/103149:INFO:CONSOLE(0)] "Uncaught SyntaxError: Unexpected token ILLEGAL", source: about:blank (0)
[0731/103149:INFO:CONSOLE(0)] "Uncaught SyntaxError: Unexpected token ILLEGAL", source: about:blank (0)
[0731/103149:INFO:CONSOLE(0)] "Uncaught SyntaxError: Unexpected token ILLEGAL", source: about:blank (0)
[0731/103149:INFO:CONSOLE(0)] "Uncaught SyntaxError: Unexpected token ILLEGAL", source: about:blank (0)
[0731/215443:ERROR:ipc_channel_win.cc(401)] pipe error: 232
[0731/222722:ERROR:ipc_channel_win.cc(401)] pipe error: 232
[0731/222725:INFO:CONSOLE(0)] "TypeError: Cannot call method 'getStage' of undefined
    at Object.d.$$ (http://127.0.0.1:54321/_DRIVE_C_EVIRD_/Users/SivaSaiKarthik/Google%20Drive/WirelessCommSystem/01%20-%20Animations/Chapter%207/7.4_MFSK%20Frequency%20Use/edge_includes/edge.authoring.4.0.0.min.js:23:122)
    at Object.EdgeDOM.refreshCacheBatch (http://127.0.0.1:54321/_DRIVE_C_EVIRD_/Users/SivaSaiKarthik/Google%20Drive/WirelessCommSystem/01%20-%20Animations/Chapter%207/7.4_MFSK%20Frequency%20Use/edge_includes/edge.authoring.4.0.0.min.js:93:440)
    at about:blank:0:15", source: about:blank (0)
[0731/225038:ERROR:ipc_channel_win.cc(401)] pipe error: 232
[0731/225243:ERROR:ipc_channel_win.cc(401)] pipe error: 232
