[0513/215526:INFO:dhcp_proxy_script_adapter_fetcher_win.cc(267)] Error fetching PAC URL from DHCP: 2
[0513/215536:INFO:dhcp_proxy_script_adapter_fetcher_win.cc(267)] Error fetching PAC URL from DHCP: 2
[0513/215714:INFO:CONSOLE(1)] "ReferenceError: EdgeDOM is not defined
    at eval (eval at <anonymous> (about:blank:0:45), <anonymous>:1:7)
    at about:blank:0:45", source:  (1)
[0513/215714:INFO:dhcp_proxy_script_adapter_fetcher_win.cc(267)] Error fetching PAC URL from DHCP: 2
[0513/215808:INFO:dhcp_proxy_script_adapter_fetcher_win.cc(267)] Error fetching PAC URL from DHCP: 2
[0513/215812:ERROR:gles2_cmd_decoder.cc(5484)] .SharedGraphicsContext: GL ERROR :GL_INVALID_VALUE : glTexParameteri: unknown texture
[0513/215818:INFO:dhcp_proxy_script_adapter_fetcher_win.cc(267)] Error fetching PAC URL from DHCP: 2
[0513/215857:INFO:dhcp_proxy_script_adapter_fetcher_win.cc(267)] Error fetching PAC URL from DHCP: 2
[0513/220756:ERROR:ipc_channel_win.cc(401)] pipe error: 232
[0610/170956:INFO:dhcp_proxy_script_adapter_fetcher_win.cc(267)] Error fetching PAC URL from DHCP: 2
[0610/171001:ERROR:gles2_cmd_decoder.cc(5484)] .SharedGraphicsContext: GL ERROR :GL_INVALID_VALUE : glTexParameteri: unknown texture
[0610/171007:INFO:dhcp_proxy_script_adapter_fetcher_win.cc(267)] Error fetching PAC URL from DHCP: 2
[0610/171043:INFO:dhcp_proxy_script_adapter_fetcher_win.cc(267)] Error fetching PAC URL from DHCP: 2
[0610/171127:INFO:dhcp_proxy_script_adapter_fetcher_win.cc(267)] Error fetching PAC URL from DHCP: 2
[0610/171131:ERROR:gles2_cmd_decoder.cc(5484)] .SharedGraphicsContext: GL ERROR :GL_INVALID_VALUE : glTexParameteri: unknown texture
[0610/171137:INFO:dhcp_proxy_script_adapter_fetcher_win.cc(267)] Error fetching PAC URL from DHCP: 2
[0725/221844:INFO:dhcp_proxy_script_adapter_fetcher_win.cc(267)] Error fetching PAC URL from DHCP: 2
[0725/221855:INFO:dhcp_proxy_script_adapter_fetcher_win.cc(267)] Error fetching PAC URL from DHCP: 2
[0725/221938:INFO:dhcp_proxy_script_adapter_fetcher_win.cc(267)] Error fetching PAC URL from DHCP: 2
