[0424/144205:ERROR:gpu_info_collector_win.cc(91)] Can't retrieve a valid WinSAT assessment.
[0424/144210:INFO:dhcp_proxy_script_adapter_fetcher_win.cc(267)] Error fetching PAC URL from DHCP: 2
[0424/144213:INFO:CONSOLE(23)] "Edge.$$ - no current symbol for: body", source: http://localhost:54321/_DRIVE_C_EVIRD_/Users/Bhargava/Google%20Drive/WirelessCommSystem/01%20-%20Animations/Chapter%206/6.2/edge_includes/edge.authoring.3.0.0.min.js (23)
[0424/144213:INFO:CONSOLE(23)] "Edge.$$ - no current symbol for: body", source: http://localhost:54321/_DRIVE_C_EVIRD_/Users/Bhargava/Google%20Drive/WirelessCommSystem/01%20-%20Animations/Chapter%206/6.2/edge_includes/edge.authoring.3.0.0.min.js (23)
[0424/144213:INFO:CONSOLE(23)] "Edge.$$ - no current symbol for: body", source: http://localhost:54321/_DRIVE_C_EVIRD_/Users/Bhargava/Google%20Drive/WirelessCommSystem/01%20-%20Animations/Chapter%206/6.2/edge_includes/edge.authoring.3.0.0.min.js (23)
[0424/144213:INFO:CONSOLE(23)] "Edge.$$ - no current symbol for: [object HTMLHtmlElement]", source: http://localhost:54321/_DRIVE_C_EVIRD_/Users/Bhargava/Google%20Drive/WirelessCommSystem/01%20-%20Animations/Chapter%206/6.2/edge_includes/edge.authoring.3.0.0.min.js (23)
[0424/144213:INFO:CONSOLE(23)] "Edge.$$ - no current symbol for: [object HTMLHtmlElement]", source: http://localhost:54321/_DRIVE_C_EVIRD_/Users/Bhargava/Google%20Drive/WirelessCommSystem/01%20-%20Animations/Chapter%206/6.2/edge_includes/edge.authoring.3.0.0.min.js (23)
[0424/144213:INFO:CONSOLE(23)] "Edge.$$ - no current symbol for: body", source: http://localhost:54321/_DRIVE_C_EVIRD_/Users/Bhargava/Google%20Drive/WirelessCommSystem/01%20-%20Animations/Chapter%206/6.2/edge_includes/edge.authoring.3.0.0.min.js (23)
[0424/144213:INFO:CONSOLE(23)] "Edge.$$ - no current symbol for: body", source: http://localhost:54321/_DRIVE_C_EVIRD_/Users/Bhargava/Google%20Drive/WirelessCommSystem/01%20-%20Animations/Chapter%206/6.2/edge_includes/edge.authoring.3.0.0.min.js (23)
[0424/144213:INFO:CONSOLE(23)] "Edge.$$ - no current symbol for: body", source: http://localhost:54321/_DRIVE_C_EVIRD_/Users/Bhargava/Google%20Drive/WirelessCommSystem/01%20-%20Animations/Chapter%206/6.2/edge_includes/edge.authoring.3.0.0.min.js (23)
[0424/144213:INFO:CONSOLE(23)] "Edge.$$ - no current symbol for: [object Object]", source: http://localhost:54321/_DRIVE_C_EVIRD_/Users/Bhargava/Google%20Drive/WirelessCommSystem/01%20-%20Animations/Chapter%206/6.2/edge_includes/edge.authoring.3.0.0.min.js (23)
[0424/144213:INFO:CONSOLE(23)] "Edge.$$ - no current symbol for: [object Object]", source: http://localhost:54321/_DRIVE_C_EVIRD_/Users/Bhargava/Google%20Drive/WirelessCommSystem/01%20-%20Animations/Chapter%206/6.2/edge_includes/edge.authoring.3.0.0.min.js (23)
[0424/144213:INFO:CONSOLE(23)] "Edge.$$ - no current symbol for: [object Object]", source: http://localhost:54321/_DRIVE_C_EVIRD_/Users/Bhargava/Google%20Drive/WirelessCommSystem/01%20-%20Animations/Chapter%206/6.2/edge_includes/edge.authoring.3.0.0.min.js (23)
[0424/144213:INFO:CONSOLE(23)] "Edge.$$ - no current symbol for: [object Object]", source: http://localhost:54321/_DRIVE_C_EVIRD_/Users/Bhargava/Google%20Drive/WirelessCommSystem/01%20-%20Animations/Chapter%206/6.2/edge_includes/edge.authoring.3.0.0.min.js (23)
[0424/144213:INFO:CONSOLE(23)] "Edge.$$ - no current symbol for: body", source: http://localhost:54321/_DRIVE_C_EVIRD_/Users/Bhargava/Google%20Drive/WirelessCommSystem/01%20-%20Animations/Chapter%206/6.2/edge_includes/edge.authoring.3.0.0.min.js (23)
[0424/144213:INFO:CONSOLE(23)] "Edge.$$ - no current symbol for: body", source: http://localhost:54321/_DRIVE_C_EVIRD_/Users/Bhargava/Google%20Drive/WirelessCommSystem/01%20-%20Animations/Chapter%206/6.2/edge_includes/edge.authoring.3.0.0.min.js (23)
[0424/144213:INFO:CONSOLE(23)] "Edge.$$ - no current symbol for: body", source: http://localhost:54321/_DRIVE_C_EVIRD_/Users/Bhargava/Google%20Drive/WirelessCommSystem/01%20-%20Animations/Chapter%206/6.2/edge_includes/edge.authoring.3.0.0.min.js (23)
[0424/144213:INFO:CONSOLE(23)] "Edge.$$ - no current symbol for: body", source: http://localhost:54321/_DRIVE_C_EVIRD_/Users/Bhargava/Google%20Drive/WirelessCommSystem/01%20-%20Animations/Chapter%206/6.2/edge_includes/edge.authoring.3.0.0.min.js (23)
[0424/144214:ERROR:gles2_cmd_decoder.cc(5484)] .SharedGraphicsContext: GL ERROR :GL_INVALID_VALUE : glTexParameteri: unknown texture
[0424/144220:INFO:dhcp_proxy_script_adapter_fetcher_win.cc(267)] Error fetching PAC URL from DHCP: 2
[0706/184257:INFO:dhcp_proxy_script_adapter_fetcher_win.cc(267)] Error fetching PAC URL from DHCP: 2
[0706/184300:INFO:CONSOLE(23)] "Edge.$$ - no current symbol for: body", source: http://localhost:54321/_DRIVE_C_EVIRD_/Users/Bhargava/Google%20Drive/WirelessCommSystem/01%20-%20Animations/Chapter%207/7.2_modulation_of_analog_signals_for_digital_data/edge_includes/edge.authoring.3.0.0.min.js (23)
[0706/184300:INFO:CONSOLE(23)] "Edge.$$ - no current symbol for: body", source: http://localhost:54321/_DRIVE_C_EVIRD_/Users/Bhargava/Google%20Drive/WirelessCommSystem/01%20-%20Animations/Chapter%207/7.2_modulation_of_analog_signals_for_digital_data/edge_includes/edge.authoring.3.0.0.min.js (23)
[0706/184300:INFO:CONSOLE(23)] "Edge.$$ - no current symbol for: body", source: http://localhost:54321/_DRIVE_C_EVIRD_/Users/Bhargava/Google%20Drive/WirelessCommSystem/01%20-%20Animations/Chapter%207/7.2_modulation_of_analog_signals_for_digital_data/edge_includes/edge.authoring.3.0.0.min.js (23)
[0706/184300:INFO:CONSOLE(23)] "Edge.$$ - no current symbol for: [object HTMLHtmlElement]", source: http://localhost:54321/_DRIVE_C_EVIRD_/Users/Bhargava/Google%20Drive/WirelessCommSystem/01%20-%20Animations/Chapter%207/7.2_modulation_of_analog_signals_for_digital_data/edge_includes/edge.authoring.3.0.0.min.js (23)
[0706/184300:INFO:CONSOLE(23)] "Edge.$$ - no current symbol for: [object HTMLHtmlElement]", source: http://localhost:54321/_DRIVE_C_EVIRD_/Users/Bhargava/Google%20Drive/WirelessCommSystem/01%20-%20Animations/Chapter%207/7.2_modulation_of_analog_signals_for_digital_data/edge_includes/edge.authoring.3.0.0.min.js (23)
[0706/184300:INFO:CONSOLE(23)] "Edge.$$ - no current symbol for: body", source: http://localhost:54321/_DRIVE_C_EVIRD_/Users/Bhargava/Google%20Drive/WirelessCommSystem/01%20-%20Animations/Chapter%207/7.2_modulation_of_analog_signals_for_digital_data/edge_includes/edge.authoring.3.0.0.min.js (23)
[0706/184300:INFO:CONSOLE(23)] "Edge.$$ - no current symbol for: body", source: http://localhost:54321/_DRIVE_C_EVIRD_/Users/Bhargava/Google%20Drive/WirelessCommSystem/01%20-%20Animations/Chapter%207/7.2_modulation_of_analog_signals_for_digital_data/edge_includes/edge.authoring.3.0.0.min.js (23)
[0706/184300:INFO:CONSOLE(23)] "Edge.$$ - no current symbol for: body", source: http://localhost:54321/_DRIVE_C_EVIRD_/Users/Bhargava/Google%20Drive/WirelessCommSystem/01%20-%20Animations/Chapter%207/7.2_modulation_of_analog_signals_for_digital_data/edge_includes/edge.authoring.3.0.0.min.js (23)
[0706/184300:INFO:CONSOLE(23)] "Edge.$$ - no current symbol for: [object Object]", source: http://localhost:54321/_DRIVE_C_EVIRD_/Users/Bhargava/Google%20Drive/WirelessCommSystem/01%20-%20Animations/Chapter%207/7.2_modulation_of_analog_signals_for_digital_data/edge_includes/edge.authoring.3.0.0.min.js (23)
[0706/184300:INFO:CONSOLE(23)] "Edge.$$ - no current symbol for: [object Object]", source: http://localhost:54321/_DRIVE_C_EVIRD_/Users/Bhargava/Google%20Drive/WirelessCommSystem/01%20-%20Animations/Chapter%207/7.2_modulation_of_analog_signals_for_digital_data/edge_includes/edge.authoring.3.0.0.min.js (23)
[0706/184300:INFO:CONSOLE(23)] "Edge.$$ - no current symbol for: [object Object]", source: http://localhost:54321/_DRIVE_C_EVIRD_/Users/Bhargava/Google%20Drive/WirelessCommSystem/01%20-%20Animations/Chapter%207/7.2_modulation_of_analog_signals_for_digital_data/edge_includes/edge.authoring.3.0.0.min.js (23)
[0706/184300:INFO:CONSOLE(23)] "Edge.$$ - no current symbol for: [object Object]", source: http://localhost:54321/_DRIVE_C_EVIRD_/Users/Bhargava/Google%20Drive/WirelessCommSystem/01%20-%20Animations/Chapter%207/7.2_modulation_of_analog_signals_for_digital_data/edge_includes/edge.authoring.3.0.0.min.js (23)
[0706/184300:INFO:CONSOLE(23)] "Edge.$$ - no current symbol for: body", source: http://localhost:54321/_DRIVE_C_EVIRD_/Users/Bhargava/Google%20Drive/WirelessCommSystem/01%20-%20Animations/Chapter%207/7.2_modulation_of_analog_signals_for_digital_data/edge_includes/edge.authoring.3.0.0.min.js (23)
[0706/184300:INFO:CONSOLE(23)] "Edge.$$ - no current symbol for: body", source: http://localhost:54321/_DRIVE_C_EVIRD_/Users/Bhargava/Google%20Drive/WirelessCommSystem/01%20-%20Animations/Chapter%207/7.2_modulation_of_analog_signals_for_digital_data/edge_includes/edge.authoring.3.0.0.min.js (23)
[0706/184300:INFO:CONSOLE(23)] "Edge.$$ - no current symbol for: body", source: http://localhost:54321/_DRIVE_C_EVIRD_/Users/Bhargava/Google%20Drive/WirelessCommSystem/01%20-%20Animations/Chapter%207/7.2_modulation_of_analog_signals_for_digital_data/edge_includes/edge.authoring.3.0.0.min.js (23)
[0706/184300:INFO:CONSOLE(23)] "Edge.$$ - no current symbol for: body", source: http://localhost:54321/_DRIVE_C_EVIRD_/Users/Bhargava/Google%20Drive/WirelessCommSystem/01%20-%20Animations/Chapter%207/7.2_modulation_of_analog_signals_for_digital_data/edge_includes/edge.authoring.3.0.0.min.js (23)
[0706/184302:ERROR:gles2_cmd_decoder.cc(5484)] .SharedGraphicsContext: GL ERROR :GL_INVALID_VALUE : glTexParameteri: unknown texture
[0706/184307:INFO:dhcp_proxy_script_adapter_fetcher_win.cc(267)] Error fetching PAC URL from DHCP: 2
[0706/184343:INFO:dhcp_proxy_script_adapter_fetcher_win.cc(267)] Error fetching PAC URL from DHCP: 2
[0706/184344:INFO:CONSOLE(1)] "ReferenceError: EdgeDOM is not defined
    at eval (eval at <anonymous> (about:blank:0:45), <anonymous>:1:7)
    at about:blank:0:45", source:  (1)
[0706/184344:INFO:CONSOLE(23)] "Edge.$$ - no current symbol for: body", source: http://localhost:54321/_DRIVE_C_EVIRD_/Users/Bhargava/Google%20Drive/WirelessCommSystem/01%20-%20Animations/Chapter%207/7.2_modulation_of_analog_signals_for_digital_data/edge_includes/edge.authoring.3.0.0.min.js (23)
[0706/184344:INFO:CONSOLE(23)] "Edge.$$ - no current symbol for: body", source: http://localhost:54321/_DRIVE_C_EVIRD_/Users/Bhargava/Google%20Drive/WirelessCommSystem/01%20-%20Animations/Chapter%207/7.2_modulation_of_analog_signals_for_digital_data/edge_includes/edge.authoring.3.0.0.min.js (23)
[0706/184344:INFO:CONSOLE(23)] "Edge.$$ - no current symbol for: body", source: http://localhost:54321/_DRIVE_C_EVIRD_/Users/Bhargava/Google%20Drive/WirelessCommSystem/01%20-%20Animations/Chapter%207/7.2_modulation_of_analog_signals_for_digital_data/edge_includes/edge.authoring.3.0.0.min.js (23)
[0706/184344:INFO:CONSOLE(23)] "Edge.$$ - no current symbol for: [object HTMLHtmlElement]", source: http://localhost:54321/_DRIVE_C_EVIRD_/Users/Bhargava/Google%20Drive/WirelessCommSystem/01%20-%20Animations/Chapter%207/7.2_modulation_of_analog_signals_for_digital_data/edge_includes/edge.authoring.3.0.0.min.js (23)
[0706/184344:INFO:CONSOLE(23)] "Edge.$$ - no current symbol for: [object HTMLHtmlElement]", source: http://localhost:54321/_DRIVE_C_EVIRD_/Users/Bhargava/Google%20Drive/WirelessCommSystem/01%20-%20Animations/Chapter%207/7.2_modulation_of_analog_signals_for_digital_data/edge_includes/edge.authoring.3.0.0.min.js (23)
[0706/184344:INFO:CONSOLE(23)] "Edge.$$ - no current symbol for: body", source: http://localhost:54321/_DRIVE_C_EVIRD_/Users/Bhargava/Google%20Drive/WirelessCommSystem/01%20-%20Animations/Chapter%207/7.2_modulation_of_analog_signals_for_digital_data/edge_includes/edge.authoring.3.0.0.min.js (23)
[0706/184344:INFO:CONSOLE(23)] "Edge.$$ - no current symbol for: body", source: http://localhost:54321/_DRIVE_C_EVIRD_/Users/Bhargava/Google%20Drive/WirelessCommSystem/01%20-%20Animations/Chapter%207/7.2_modulation_of_analog_signals_for_digital_data/edge_includes/edge.authoring.3.0.0.min.js (23)
[0706/184344:INFO:CONSOLE(23)] "Edge.$$ - no current symbol for: body", source: http://localhost:54321/_DRIVE_C_EVIRD_/Users/Bhargava/Google%20Drive/WirelessCommSystem/01%20-%20Animations/Chapter%207/7.2_modulation_of_analog_signals_for_digital_data/edge_includes/edge.authoring.3.0.0.min.js (23)
[0706/184344:INFO:CONSOLE(23)] "Edge.$$ - no current symbol for: [object Object]", source: http://localhost:54321/_DRIVE_C_EVIRD_/Users/Bhargava/Google%20Drive/WirelessCommSystem/01%20-%20Animations/Chapter%207/7.2_modulation_of_analog_signals_for_digital_data/edge_includes/edge.authoring.3.0.0.min.js (23)
[0706/184344:INFO:CONSOLE(23)] "Edge.$$ - no current symbol for: [object Object]", source: http://localhost:54321/_DRIVE_C_EVIRD_/Users/Bhargava/Google%20Drive/WirelessCommSystem/01%20-%20Animations/Chapter%207/7.2_modulation_of_analog_signals_for_digital_data/edge_includes/edge.authoring.3.0.0.min.js (23)
[0706/184344:INFO:CONSOLE(23)] "Edge.$$ - no current symbol for: [object Object]", source: http://localhost:54321/_DRIVE_C_EVIRD_/Users/Bhargava/Google%20Drive/WirelessCommSystem/01%20-%20Animations/Chapter%207/7.2_modulation_of_analog_signals_for_digital_data/edge_includes/edge.authoring.3.0.0.min.js (23)
[0706/184344:INFO:CONSOLE(23)] "Edge.$$ - no current symbol for: [object Object]", source: http://localhost:54321/_DRIVE_C_EVIRD_/Users/Bhargava/Google%20Drive/WirelessCommSystem/01%20-%20Animations/Chapter%207/7.2_modulation_of_analog_signals_for_digital_data/edge_includes/edge.authoring.3.0.0.min.js (23)
[0706/184344:INFO:CONSOLE(23)] "Edge.$$ - no current symbol for: body", source: http://localhost:54321/_DRIVE_C_EVIRD_/Users/Bhargava/Google%20Drive/WirelessCommSystem/01%20-%20Animations/Chapter%207/7.2_modulation_of_analog_signals_for_digital_data/edge_includes/edge.authoring.3.0.0.min.js (23)
[0706/184344:INFO:CONSOLE(23)] "Edge.$$ - no current symbol for: body", source: http://localhost:54321/_DRIVE_C_EVIRD_/Users/Bhargava/Google%20Drive/WirelessCommSystem/01%20-%20Animations/Chapter%207/7.2_modulation_of_analog_signals_for_digital_data/edge_includes/edge.authoring.3.0.0.min.js (23)
[0706/184344:INFO:CONSOLE(23)] "Edge.$$ - no current symbol for: body", source: http://localhost:54321/_DRIVE_C_EVIRD_/Users/Bhargava/Google%20Drive/WirelessCommSystem/01%20-%20Animations/Chapter%207/7.2_modulation_of_analog_signals_for_digital_data/edge_includes/edge.authoring.3.0.0.min.js (23)
[0706/184344:INFO:CONSOLE(23)] "Edge.$$ - no current symbol for: body", source: http://localhost:54321/_DRIVE_C_EVIRD_/Users/Bhargava/Google%20Drive/WirelessCommSystem/01%20-%20Animations/Chapter%207/7.2_modulation_of_analog_signals_for_digital_data/edge_includes/edge.authoring.3.0.0.min.js (23)
